TN:
SF:src/Fits.ts
FN:15,(anonymous_0)
FN:21,(anonymous_1)
FN:26,(anonymous_2)
FN:36,(anonymous_3)
FN:40,(anonymous_4)
FN:47,(anonymous_5)
FN:51,(anonymous_6)
FN:68,(anonymous_7)
FN:116,(anonymous_8)
FN:123,(anonymous_9)
FN:130,(anonymous_10)
FN:138,(anonymous_11)
FN:146,(anonymous_12)
FN:157,(anonymous_13)
FN:162,(anonymous_14)
FN:167,(anonymous_15)
FNF:16
FNH:16
FNDA:24,(anonymous_0)
FNDA:4,(anonymous_1)
FNDA:3,(anonymous_2)
FNDA:6,(anonymous_3)
FNDA:8,(anonymous_4)
FNDA:3,(anonymous_5)
FNDA:3,(anonymous_6)
FNDA:11,(anonymous_7)
FNDA:2,(anonymous_8)
FNDA:2,(anonymous_9)
FNDA:2,(anonymous_10)
FNDA:1,(anonymous_11)
FNDA:3,(anonymous_12)
FNDA:2,(anonymous_13)
FNDA:1,(anonymous_14)
FNDA:1,(anonymous_15)
DA:1,1
DA:4,1
DA:6,1
DA:8,1
DA:9,24
DA:13,24
DA:16,24
DA:17,0
DA:22,4
DA:23,3
DA:25,3
DA:26,3
DA:27,3
DA:28,3
DA:29,3
DA:33,3
DA:37,6
DA:41,8
DA:42,2
DA:44,6
DA:48,3
DA:52,3
DA:54,3
DA:55,1
DA:58,2
DA:59,1
DA:61,1
DA:62,1
DA:65,1
DA:70,11
DA:73,11
DA:75,11
DA:76,11
DA:77,11
DA:78,11
DA:79,11
DA:80,11
DA:83,11
DA:84,0
DA:85,0
DA:86,0
DA:87,0
DA:88,0
DA:89,0
DA:90,0
DA:91,0
DA:92,0
DA:95,0
DA:96,0
DA:97,0
DA:98,0
DA:99,0
DA:101,0
DA:103,0
DA:108,11
DA:117,2
DA:118,1
DA:120,1
DA:124,2
DA:125,1
DA:127,1
DA:131,2
DA:132,2
DA:133,2
DA:134,2
DA:139,1
DA:140,1
DA:141,1
DA:143,1
DA:147,3
DA:148,3
DA:149,3
DA:150,3
DA:152,3
DA:154,3
DA:158,2
DA:159,2
DA:163,1
DA:164,1
DA:168,1
DA:169,1
DA:170,1
DA:171,1
LF:83
LH:66
BRDA:16,0,0,0
BRDA:22,1,0,1
BRDA:23,2,0,0
BRDA:25,3,0,3
BRDA:41,4,0,2
BRDA:41,5,0,8
BRDA:41,5,1,8
BRDA:54,6,0,1
BRDA:58,7,0,1
BRDA:70,8,0,11
BRDA:70,8,1,0
BRDA:75,9,0,11
BRDA:76,10,0,5
BRDA:76,10,1,6
BRDA:76,11,0,6
BRDA:76,11,1,1
BRDA:83,12,0,0
BRDA:88,13,0,0
BRDA:88,13,1,0
BRDA:98,14,0,0
BRDA:99,15,0,0
BRDA:99,15,1,0
BRDA:101,16,0,0
BRDA:117,17,0,1
BRDA:117,18,0,2
BRDA:117,18,1,2
BRDA:124,19,0,1
BRDA:124,20,0,2
BRDA:124,20,1,2
BRDA:133,21,0,2
BRDA:133,21,1,0
BRDA:150,22,0,3
BRDA:150,22,1,0
BRF:33
BRH:21
end_of_record
TN:
SF:src/index.ts
FNF:0
FNH:0
LF:0
LH:0
BRF:0
BRH:0
end_of_record
TN:
SF:src/core/FitsHeader.ts
FN:12,(anonymous_0)
FN:33,(anonymous_1)
FN:37,(anonymous_2)
FN:44,(anonymous_3)
FN:53,(anonymous_4)
FN:60,(anonymous_5)
FN:71,(anonymous_6)
FN:79,(anonymous_7)
FN:86,(anonymous_8)
FN:90,(anonymous_9)
FNF:10
FNH:9
FNDA:41,(anonymous_0)
FNDA:28,(anonymous_1)
FNDA:0,(anonymous_2)
FNDA:188,(anonymous_3)
FNDA:59,(anonymous_4)
FNDA:8,(anonymous_5)
FNDA:8,(anonymous_6)
FNDA:6,(anonymous_7)
FNDA:2,(anonymous_8)
FNDA:7,(anonymous_9)
DA:2,1
DA:9,1
DA:18,41
DA:19,28
DA:20,28
DA:21,95
DA:22,95
DA:23,93
DA:25,2
DA:29,13
DA:34,28
DA:38,0
DA:39,0
DA:41,0
DA:45,188
DA:54,59
DA:55,1
DA:57,58
DA:61,8
DA:62,0
DA:64,8
DA:65,8
DA:66,0
DA:68,8
DA:72,8
DA:73,0
DA:75,8
DA:76,8
DA:80,6
DA:81,1
DA:83,5
DA:87,2
DA:91,7
LF:33
LH:27
BRDA:18,0,0,28
BRDA:18,0,1,13
BRDA:22,1,0,93
BRDA:22,1,1,2
BRDA:22,2,0,95
BRDA:22,2,1,87
BRDA:22,2,2,25
BRDA:38,3,0,0
BRDA:54,4,0,1
BRDA:61,5,0,0
BRDA:65,6,0,0
BRDA:72,7,0,0
BRDA:80,8,0,1
BRF:13
BRH:9
end_of_record
TN:
SF:src/io/FileReader.ts
FN:8,(anonymous_1)
FN:12,(anonymous_2)
FN:24,(anonymous_3)
FN:28,(anonymous_4)
FN:37,(anonymous_5)
FN:41,(anonymous_6)
FN:45,(anonymous_7)
FNF:7
FNH:7
FNDA:15,(anonymous_1)
FNDA:15,(anonymous_2)
FNDA:19,(anonymous_3)
FNDA:1,(anonymous_4)
FNDA:1,(anonymous_5)
FNDA:5,(anonymous_6)
FNDA:1,(anonymous_7)
DA:1,1
DA:5,1
DA:9,15
DA:14,15
DA:20,15
DA:21,15
DA:25,19
DA:29,1
DA:30,1
DA:31,3
DA:32,3
DA:33,3
DA:38,1
DA:42,5
DA:46,1
LF:15
LH:15
BRDA:14,0,0,1
BRDA:14,0,1,14
BRDA:16,1,0,1
BRDA:16,1,1,13
BRDA:20,2,0,15
BRDA:20,2,1,1
BRDA:21,3,0,1
BRDA:21,3,1,14
BRDA:28,4,0,0
BRF:9
BRH:8
end_of_record
TN:
SF:src/io/FitsIO.ts
FN:8,openFits
FN:23,(anonymous_1)
FN:30,(anonymous_2)
FN:50,(anonymous_3)
FN:72,(anonymous_4)
FN:79,(anonymous_5)
FN:81,(anonymous_6)
FN:84,(anonymous_7)
FN:98,(anonymous_8)
FN:118,(anonymous_9)
FN:128,(anonymous_10)
FN:131,(anonymous_11)
FN:135,(anonymous_12)
FN:182,(anonymous_13)
FN:186,(anonymous_14)
FN:190,(anonymous_15)
FN:194,(anonymous_16)
FN:202,align
FN:206,concatenateBlocks
FN:207,(anonymous_19)
FNF:20
FNH:16
FNDA:0,openFits
FNDA:3,(anonymous_1)
FNDA:4,(anonymous_2)
FNDA:8,(anonymous_3)
FNDA:8,(anonymous_4)
FNDA:0,(anonymous_5)
FNDA:0,(anonymous_6)
FNDA:2,(anonymous_7)
FNDA:3,(anonymous_8)
FNDA:1,(anonymous_9)
FNDA:9,(anonymous_10)
FNDA:9,(anonymous_11)
FNDA:7,(anonymous_12)
FNDA:0,(anonymous_13)
FNDA:1,(anonymous_14)
FNDA:1,(anonymous_15)
FNDA:1,(anonymous_16)
FNDA:14,align
FNDA:7,concatenateBlocks
FNDA:21,(anonymous_19)
DA:3,1
DA:4,1
DA:5,1
DA:6,1
DA:8,1
DA:9,0
DA:10,0
DA:11,0
DA:14,1
DA:19,3
DA:21,3
DA:24,3
DA:25,3
DA:26,3
DA:27,3
DA:31,4
DA:32,4
DA:33,4
DA:35,4
DA:36,4
DA:37,4
DA:38,4
DA:40,4
DA:42,4
DA:43,4
DA:44,4
DA:45,8
DA:48,4
DA:49,4
DA:50,8
DA:52,4
DA:54,4
DA:55,4
DA:62,4
DA:64,4
DA:67,0
DA:73,8
DA:74,3
DA:76,8
DA:80,0
DA:81,0
DA:85,2
DA:86,2
DA:87,1
DA:89,1
DA:91,1
DA:92,0
DA:93,0
DA:95,1
DA:99,3
DA:101,3
DA:102,1
DA:104,2
DA:106,2
DA:107,0
DA:108,0
DA:111,2
DA:112,0
DA:113,2
DA:114,0
DA:119,1
DA:120,1
DA:121,1
DA:122,1
DA:123,1
DA:128,1
DA:129,9
DA:132,9
DA:136,7
DA:137,7
DA:139,7
DA:141,7
DA:142,7
DA:143,7
DA:144,7
DA:147,7
DA:148,7
DA:149,0
DA:150,0
DA:155,7
DA:156,7
DA:163,0
DA:164,0
DA:165,0
DA:168,7
DA:169,7
DA:172,7
DA:173,7
DA:174,7
DA:175,7
DA:179,7
DA:183,0
DA:187,1
DA:191,1
DA:195,1
DA:196,1
DA:197,1
DA:203,14
DA:207,21
DA:208,7
DA:209,7
DA:210,7
DA:211,21
DA:212,21
DA:214,7
LF:105
LH:87
BRDA:42,0,0,4
BRDA:42,0,1,0
BRDA:45,1,0,8
BRDA:45,1,1,0
BRDA:48,2,0,4
BRDA:48,2,1,0
BRDA:50,3,0,4
BRDA:50,3,1,0
BRDA:54,4,0,0
BRDA:54,4,1,4
BRDA:73,5,0,3
BRDA:86,6,0,1
BRDA:86,7,0,2
BRDA:86,7,1,2
BRDA:91,8,0,0
BRDA:101,9,0,1
BRDA:101,10,0,3
BRDA:101,10,1,3
BRDA:106,11,0,0
BRDA:111,12,0,0
BRDA:111,12,1,2
BRDA:111,12,2,0
BRDA:148,13,0,0
BRDA:155,14,0,7
BRDA:155,14,1,0
BRDA:159,15,0,4
BRDA:159,15,1,3
BRDA:160,16,0,4
BRDA:160,16,1,3
BRDA:163,17,0,0
BRDA:163,17,1,0
BRDA:173,18,0,7
BRF:32
BRH:19
end_of_record
TN:
SF:src/io/HeaderIO.ts
FN:12,(anonymous_0)
FN:14,(anonymous_1)
FN:47,(anonymous_2)
FN:53,(anonymous_3)
FN:55,(anonymous_4)
FN:72,(anonymous_5)
FNF:6
FNH:6
FNDA:5,(anonymous_0)
FNDA:6,(anonymous_1)
FNDA:4,(anonymous_2)
FNDA:7,(anonymous_3)
FNDA:7,(anonymous_4)
FNDA:14,(anonymous_5)
DA:1,1
DA:3,1
DA:5,1
DA:6,1
DA:9,1
DA:10,5
DA:12,5
DA:15,6
DA:16,6
DA:17,6
DA:19,6
DA:20,7
DA:21,7
DA:22,7
DA:24,7
DA:25,252
DA:28,7
DA:29,74
DA:30,6
DA:31,6
DA:34,68
DA:35,68
DA:36,32
DA:39,7
DA:41,6
DA:42,0
DA:44,6
DA:48,4
DA:52,1
DA:53,7
DA:56,7
DA:58,7
DA:59,43
DA:62,7
DA:64,7
DA:65,7
DA:66,7
DA:68,7
DA:69,7
DA:73,14
LF:40
LH:39
BRDA:19,0,0,13
BRDA:19,0,1,13
BRDA:29,1,0,6
BRDA:35,2,0,32
BRDA:41,3,0,0
BRDA:65,4,0,7
BRDA:65,4,1,0
BRF:7
BRH:5
end_of_record
TN:
SF:src/io/ImageIO.ts
FN:5,(anonymous_0)
FN:7,(anonymous_1)
FN:21,(anonymous_2)
FN:22,(anonymous_3)
FN:23,(anonymous_4)
FN:24,(anonymous_5)
FN:25,(anonymous_6)
FN:56,(anonymous_7)
FN:72,(anonymous_8)
FN:76,(anonymous_9)
FN:77,(anonymous_10)
FN:78,(anonymous_11)
FN:79,(anonymous_12)
FN:80,(anonymous_13)
FNF:14
FNH:7
FNDA:5,(anonymous_0)
FNDA:4,(anonymous_1)
FNDA:18,(anonymous_2)
FNDA:0,(anonymous_3)
FNDA:0,(anonymous_4)
FNDA:0,(anonymous_5)
FNDA:0,(anonymous_6)
FNDA:11,(anonymous_7)
FNDA:33,(anonymous_8)
FNDA:30,(anonymous_9)
FNDA:3,(anonymous_10)
FNDA:0,(anonymous_11)
FNDA:0,(anonymous_12)
FNDA:0,(anonymous_13)
DA:4,1
DA:5,5
DA:8,4
DA:9,4
DA:10,4
DA:12,4
DA:14,4
DA:15,4
DA:17,4
DA:18,4
DA:20,4
DA:21,18
DA:22,0
DA:23,0
DA:24,0
DA:25,0
DA:28,4
DA:29,4
DA:30,1
DA:33,3
DA:34,3
DA:35,3
DA:37,3
DA:38,18
DA:39,18
DA:42,3
DA:43,0
DA:46,3
DA:55,1
DA:57,11
DA:58,1
DA:60,10
DA:61,0
DA:63,10
DA:64,1
DA:67,9
DA:68,9
DA:69,9
DA:70,9
DA:72,9
DA:73,33
DA:75,9
DA:76,30
DA:77,3
DA:78,0
DA:79,0
DA:80,0
DA:83,9
DA:84,9
DA:85,1
DA:88,8
DA:89,33
DA:92,8
LF:53
LH:44
BRDA:9,0,0,4
BRDA:9,0,1,0
BRDA:10,1,0,4
BRDA:10,1,1,0
BRDA:12,2,0,4
BRDA:12,2,1,0
BRDA:29,3,0,1
BRDA:33,4,0,3
BRDA:33,4,1,0
BRDA:34,5,0,3
BRDA:34,5,1,0
BRDA:42,6,0,0
BRDA:56,7,0,2
BRDA:56,8,0,4
BRDA:56,9,0,4
BRDA:57,10,0,1
BRDA:60,11,0,0
BRDA:63,12,0,1
BRDA:84,13,0,1
BRF:19
BRH:12
end_of_record
TN:
SF:src/io/TableIO.ts
FN:11,deriveColumnFormats
FN:36,(anonymous_1)
FN:38,(anonymous_2)
FN:88,(anonymous_3)
FN:94,(anonymous_4)
FNF:5
FNH:5
FNDA:3,deriveColumnFormats
FNDA:4,(anonymous_1)
FNDA:1,(anonymous_2)
FNDA:2,(anonymous_3)
FNDA:3,(anonymous_4)
DA:3,1
DA:11,1
DA:15,3
DA:16,3
DA:17,6
DA:18,6
DA:19,0
DA:20,0
DA:22,6
DA:23,6
DA:24,1
DA:25,1
DA:27,5
DA:28,5
DA:29,5
DA:30,5
DA:32,3
DA:35,1
DA:36,4
DA:39,1
DA:40,1
DA:41,1
DA:43,1
DA:44,1
DA:46,1
DA:47,2
DA:48,2
DA:50,2
DA:51,2
DA:52,2
DA:53,2
DA:57,2
DA:58,0
DA:59,0
DA:60,0
DA:64,2
DA:67,1
DA:69,1
DA:70,2
DA:71,2
DA:73,2
DA:74,4
DA:75,4
DA:76,4
DA:77,4
DA:80,2
DA:83,1
DA:87,1
DA:89,2
DA:90,0
DA:93,2
DA:94,3
DA:95,2
DA:96,2
DA:98,2
DA:99,2
DA:100,3
DA:101,3
DA:102,1
DA:105,2
DA:106,2
DA:107,4
DA:108,4
DA:110,4
DA:111,4
DA:114,4
DA:115,4
DA:118,2
DA:121,1
LF:69
LH:63
BRDA:18,0,0,0
BRDA:23,1,0,1
BRDA:27,2,0,5
BRDA:27,2,1,0
BRDA:39,3,0,1
BRDA:39,3,1,0
BRDA:40,4,0,1
BRDA:40,4,1,0
BRDA:41,5,0,1
BRDA:41,5,1,0
BRDA:50,6,0,2
BRDA:52,7,0,2
BRDA:57,8,0,0
BRDA:59,9,0,0
BRDA:64,10,0,0
BRDA:64,10,1,2
BRDA:64,11,0,2
BRDA:64,11,1,0
BRDA:89,12,0,0
BRDA:101,13,0,1
BRF:20
BRH:10
end_of_record
TN:
SF:src/schema/fits-utils.ts
FN:3,parseHeaderValue
FN:19,formatHeaderValue
FN:31,parseHeaderLine
FN:70,formatHeaderLine
FNF:4
FNH:4
FNDA:32,parseHeaderValue
FNDA:51,formatHeaderValue
FNDA:68,parseHeaderLine
FNDA:43,formatHeaderLine
DA:3,1
DA:4,32
DA:6,32
DA:7,26
DA:9,26
DA:10,26
DA:12,0
DA:13,0
DA:16,0
DA:19,1
DA:20,51
DA:21,7
DA:22,44
DA:23,36
DA:26,8
DA:27,8
DA:31,1
DA:32,68
DA:33,68
DA:35,68
DA:37,68
DA:39,36
DA:42,32
DA:43,32
DA:44,32
DA:46,32
DA:48,0
DA:49,0
DA:50,0
DA:51,0
DA:52,0
DA:54,0
DA:58,32
DA:59,32
DA:60,32
DA:63,32
DA:70,1
DA:71,43
DA:72,43
DA:75,43
DA:76,43
DA:78,43
DA:79,0
DA:82,43
LF:44
LH:34
BRDA:6,0,0,6
BRDA:7,1,0,0
BRDA:10,2,0,26
BRDA:12,3,0,0
BRDA:12,4,0,0
BRDA:12,4,1,0
BRDA:20,5,0,7
BRDA:20,5,1,44
BRDA:21,6,0,7
BRDA:21,6,1,0
BRDA:22,7,0,36
BRDA:22,7,1,8
BRDA:33,8,0,0
BRDA:33,9,0,68
BRDA:33,9,1,68
BRDA:37,10,0,36
BRDA:46,11,0,0
BRDA:46,11,1,32
BRDA:50,12,0,0
BRDA:50,12,1,0
BRDA:52,13,0,0
BRDA:52,13,1,0
BRDA:78,14,0,0
BRF:23
BRH:11
end_of_record
TN:
SF:src/utils/TypeUtils.ts
FN:11,getTypeSize
FN:19,parseFieldData
FN:22,(anonymous_2)
FN:23,(anonymous_3)
FN:24,(anonymous_4)
FN:25,(anonymous_5)
FN:26,(anonymous_6)
FN:27,(anonymous_7)
FN:28,(anonymous_8)
FN:53,writeFieldData
FNF:10
FNH:10
FNDA:22,getTypeSize
FNDA:11,parseFieldData
FNDA:3,(anonymous_2)
FNDA:3,(anonymous_3)
FNDA:4,(anonymous_4)
FNDA:2,(anonymous_5)
FNDA:4,(anonymous_6)
FNDA:2,(anonymous_7)
FNDA:1,(anonymous_8)
FNDA:4,writeFieldData
DA:1,1
DA:11,1
DA:12,22
DA:13,22
DA:14,1
DA:16,21
DA:19,1
DA:20,11
DA:21,11
DA:22,3
DA:23,3
DA:24,4
DA:25,2
DA:26,4
DA:27,2
DA:29,1
DA:30,1
DA:31,1
DA:35,11
DA:36,11
DA:37,0
DA:41,11
DA:42,5
DA:45,6
DA:46,6
DA:47,6
DA:48,14
DA:50,6
DA:53,1
DA:54,4
DA:55,4
DA:56,4
DA:58,4
DA:60,4
DA:61,4
DA:63,4
DA:64,0
DA:65,2
DA:66,0
DA:67,2
DA:68,0
DA:69,0
DA:71,0
DA:72,0
DA:73,0
DA:74,0
DA:76,0
DA:80,4
LF:48
LH:38
BRDA:13,0,0,1
BRDA:36,1,0,0
BRDA:41,2,0,5
BRDA:41,3,0,11
BRDA:41,3,1,10
BRDA:58,4,0,0
BRDA:58,4,1,4
BRDA:61,5,0,4
BRDA:61,5,1,0
BRDA:63,6,0,0
BRDA:63,6,1,2
BRDA:63,6,2,0
BRDA:63,6,3,2
BRDA:63,6,4,0
BRDA:63,6,5,0
BRDA:63,6,6,0
BRDA:63,6,7,0
BRDA:64,7,0,0
BRDA:64,7,1,0
BRF:19
BRH:8
end_of_record
TN:
SF:src/utils/Zscale.ts
FN:9,(anonymous_0)
FN:25,(anonymous_1)
FN:26,(anonymous_2)
FN:35,(anonymous_3)
FN:46,(anonymous_4)
FN:61,(anonymous_5)
FN:63,(anonymous_6)
FN:72,(anonymous_7)
FN:97,(anonymous_8)
FN:124,stddev
FN:125,(anonymous_10)
FN:126,(anonymous_11)
FN:127,(anonymous_12)
FN:132,convolve
FNF:14
FNH:14
FNDA:10,(anonymous_0)
FNDA:10,(anonymous_1)
FNDA:138,(anonymous_2)
FNDA:127,(anonymous_3)
FNDA:136,(anonymous_4)
FNDA:131,(anonymous_5)
FNDA:131,(anonymous_6)
FNDA:131,(anonymous_7)
FNDA:7,(anonymous_8)
FNDA:7,stddev
FNDA:131,(anonymous_10)
FNDA:131,(anonymous_11)
FNDA:131,(anonymous_12)
FNDA:7,convolve
DA:1,1
DA:17,10
DA:18,10
DA:19,10
DA:20,10
DA:21,10
DA:22,10
DA:26,138
DA:28,10
DA:29,10
DA:31,10
DA:32,136
DA:35,127
DA:37,10
DA:39,10
DA:41,9
DA:42,9
DA:44,9
DA:46,136
DA:48,9
DA:49,9
DA:50,9
DA:52,9
DA:53,9
DA:55,9
DA:57,9
DA:58,16
DA:60,7
DA:61,131
DA:63,131
DA:65,7
DA:66,7
DA:67,131
DA:69,7
DA:71,7
DA:72,131
DA:75,9
DA:76,7
DA:78,7
DA:79,7
DA:82,7
DA:83,7
DA:85,7
DA:86,7
DA:88,7
DA:90,6
DA:91,6
DA:94,8
DA:98,7
DA:99,7
DA:100,7
DA:101,7
DA:102,7
DA:104,7
DA:105,131
DA:106,131
DA:107,131
DA:108,131
DA:109,131
DA:110,131
DA:114,7
DA:115,7
DA:117,7
DA:118,7
DA:120,7
DA:125,131
DA:126,131
DA:127,131
DA:129,7
DA:133,7
DA:134,7
DA:136,7
DA:137,131
DA:138,0
DA:139,0
DA:140,0
DA:146,7
LF:77
LH:74
BRDA:10,0,0,9
BRDA:11,1,0,9
BRDA:12,2,0,10
BRDA:13,3,0,10
BRDA:14,4,0,10
BRDA:15,5,0,10
BRDA:26,6,0,138
BRDA:26,6,1,136
BRDA:31,7,0,146
BRDA:31,7,1,136
BRDA:39,8,0,1
BRDA:58,9,0,9
BRDA:58,10,0,16
BRDA:58,10,1,9
BRDA:67,11,0,131
BRDA:67,11,1,131
BRDA:75,12,0,7
BRDA:78,13,0,7
BRDA:88,14,0,1
BRDA:88,15,0,7
BRDA:88,15,1,6
BRDA:105,16,0,131
BRDA:115,17,0,0
BRDA:137,18,0,0
BRDA:139,19,0,0
BRF:25
BRH:22
end_of_record
TN:
SF:src/utils/stats.ts
FN:3,getStats
FN:27,(anonymous_1)
FN:28,(anonymous_2)
FN:44,(anonymous_3)
FN:45,(anonymous_4)
FN:46,(anonymous_5)
FN:47,(anonymous_6)
FN:52,stats
FN:58,(anonymous_8)
FN:59,(anonymous_9)
FNF:10
FNH:10
FNDA:6,getStats
FNDA:4,(anonymous_1)
FNDA:8,(anonymous_2)
FNDA:2,(anonymous_3)
FNDA:2,(anonymous_4)
FNDA:2,(anonymous_5)
FNDA:2,(anonymous_6)
FNDA:6,stats
FNDA:15,(anonymous_8)
FNDA:13,(anonymous_9)
DA:3,1
DA:4,6
DA:5,1
DA:8,5
DA:9,1
DA:12,4
DA:13,2
DA:14,1
DA:25,2
DA:27,2
DA:28,8
DA:29,4
DA:31,3
DA:40,1
DA:41,1
DA:44,2
DA:45,2
DA:46,2
DA:47,2
DA:53,6
DA:54,6
DA:55,6
DA:57,6
DA:58,15
DA:60,13
DA:61,2
DA:63,11
DA:66,4
DA:67,10
DA:68,4
DA:70,10
DA:71,10
DA:73,10
DA:76,4
DA:78,4
DA:79,4
DA:80,10
DA:83,4
DA:85,4
LF:39
LH:39
BRDA:4,0,0,1
BRDA:8,1,0,1
BRDA:8,2,0,5
BRDA:8,2,1,3
BRDA:12,3,0,2
BRDA:60,4,0,2
BRDA:67,5,0,4
BRDA:70,6,0,10
BRF:8
BRH:8
end_of_record
